Using pre-set license
Built from '2022.3/staging' branch; Version is '2022.3.14f1 (eff2de9070d8) revision 15725278'; Using compiler version '192829333'; Build Type 'Release'
OS: 'Windows 11  (10.0.26100) 64bit CoreSingleLanguage' Language: 'en' Physical Memory: 16121 MB
BatchMode: 1, IsHumanControllingUs: 0, StartBugReporterOnCrash: 0, Is64bit: 1, IsPro: 1

COMMAND LINE ARGUMENTS:
C:\Program Files\Unity\Hub\Editor\2022.3.14f1\Editor\Unity.exe
-adb2
-batchMode
-noUpm
-name
AssetImportWorker7
-projectPath
C:/Users/beemp/OneDrive/Documents/GitHub/Project-Presentation-Final
-logFile
Logs/AssetImportWorker7.log
-srvPort
56635
Successfully changed project path to: C:/Users/beemp/OneDrive/Documents/GitHub/Project-Presentation-Final
C:/Users/beemp/OneDrive/Documents/GitHub/Project-Presentation-Final
[UnityMemory] Configuration Parameters - Can be set up in boot.config
    "memorysetup-bucket-allocator-granularity=16"
    "memorysetup-bucket-allocator-bucket-count=8"
    "memorysetup-bucket-allocator-block-size=33554432"
    "memorysetup-bucket-allocator-block-count=8"
    "memorysetup-main-allocator-block-size=16777216"
    "memorysetup-thread-allocator-block-size=16777216"
    "memorysetup-gfx-main-allocator-block-size=16777216"
    "memorysetup-gfx-thread-allocator-block-size=16777216"
    "memorysetup-cache-allocator-block-size=4194304"
    "memorysetup-typetree-allocator-block-size=2097152"
    "memorysetup-profiler-bucket-allocator-granularity=16"
    "memorysetup-profiler-bucket-allocator-bucket-count=8"
    "memorysetup-profiler-bucket-allocator-block-size=33554432"
    "memorysetup-profiler-bucket-allocator-block-count=8"
    "memorysetup-profiler-allocator-block-size=16777216"
    "memorysetup-profiler-editor-allocator-block-size=1048576"
    "memorysetup-temp-allocator-size-main=16777216"
    "memorysetup-job-temp-allocator-block-size=2097152"
    "memorysetup-job-temp-allocator-block-size-background=1048576"
    "memorysetup-job-temp-allocator-reduction-small-platforms=262144"
    "memorysetup-allocator-temp-initial-block-size-main=262144"
    "memorysetup-allocator-temp-initial-block-size-worker=262144"
    "memorysetup-temp-allocator-size-background-worker=32768"
    "memorysetup-temp-allocator-size-job-worker=262144"
    "memorysetup-temp-allocator-size-preload-manager=33554432"
    "memorysetup-temp-allocator-size-nav-mesh-worker=65536"
    "memorysetup-temp-allocator-size-audio-worker=65536"
    "memorysetup-temp-allocator-size-cloud-worker=32768"
    "memorysetup-temp-allocator-size-gi-baking-worker=262144"
    "memorysetup-temp-allocator-size-gfx=262144"
Player connection [22632] Host "[IP] 192.168.1.100 [Port] 0 [Flags] 2 [Guid] 3269230339 [EditorId] 3269230339 [Version] 1048832 [Id] WindowsEditor(7,Beam) [Debug] 1 [PackageName] WindowsEditor [ProjectName] Editor" joined multi-casting on [225.0.0.222:54997]...

Player connection [22632] Host "[IP] 192.168.1.100 [Port] 0 [Flags] 2 [Guid] 3269230339 [EditorId] 3269230339 [Version] 1048832 [Id] WindowsEditor(7,Beam) [Debug] 1 [PackageName] WindowsEditor [ProjectName] Editor" joined alternative multi-casting on [225.0.0.222:34997]...

[Physics::Module] Initialized MultithreadedJobDispatcher with 15 workers.
Refreshing native plugins compatible for Editor in 10.71 ms, found 4 plugins.
Preloading 0 native plugins for Editor in 0.00 ms.
Initialize engine version: 2022.3.14f1 (eff2de9070d8)
[Subsystems] Discovering subsystems at path C:/Program Files/Unity/Hub/Editor/2022.3.14f1/Editor/Data/Resources/UnitySubsystems
[Subsystems] Discovering subsystems at path C:/Users/beemp/OneDrive/Documents/GitHub/Project-Presentation-Final/Assets
GfxDevice: creating device client; threaded=0; jobified=0
Direct3D:
    Version:  Direct3D 11.0 [level 11.1]
    Renderer: NVIDIA GeForce RTX 3060 Laptop GPU (ID=0x2520)
    Vendor:   NVIDIA
    VRAM:     5996 MB
    Driver:   32.0.15.6607
Initialize mono
Mono path[0] = 'C:/Program Files/Unity/Hub/Editor/2022.3.14f1/Editor/Data/Managed'
Mono path[1] = 'C:/Program Files/Unity/Hub/Editor/2022.3.14f1/Editor/Data/MonoBleedingEdge/lib/mono/unityjit-win32'
Mono config path = 'C:/Program Files/Unity/Hub/Editor/2022.3.14f1/Editor/Data/MonoBleedingEdge/etc'
Using monoOptions --debugger-agent=transport=dt_socket,embedding=1,server=y,suspend=n,address=127.0.0.1:56580
Begin MonoManager ReloadAssembly
Registering precompiled unity dll's ...
Register platform support module: C:/Program Files/Unity/Hub/Editor/2022.3.14f1/Editor/Data/PlaybackEngines/WebGLSupport/UnityEditor.WebGL.Extensions.dll
Register platform support module: C:/Program Files/Unity/Hub/Editor/2022.3.14f1/Editor/Data/PlaybackEngines/WindowsStandaloneSupport/UnityEditor.WindowsStandalone.Extensions.dll
Registered in 0.008072 seconds.
- Loaded All Assemblies, in  0.318 seconds
Native extension for WindowsStandalone target not found
Native extension for WebGL target not found
Mono: successfully reloaded assembly
- Finished resetting the current domain, in  0.229 seconds
Domain Reload Profiling: 546ms
	BeginReloadAssembly (88ms)
		ExecutionOrderSort (0ms)
		DisableScriptedObjects (0ms)
		BackupInstance (0ms)
		ReleaseScriptingObjects (0ms)
		CreateAndSetChildDomain (1ms)
	RebuildCommonClasses (29ms)
	RebuildNativeTypeToScriptingClass (9ms)
	initialDomainReloadingComplete (55ms)
	LoadAllAssembliesAndSetupDomain (135ms)
		LoadAssemblies (87ms)
		RebuildTransferFunctionScriptingTraits (0ms)
		AnalyzeDomain (133ms)
			TypeCache.Refresh (130ms)
				TypeCache.ScanAssembly (111ms)
			ScanForSourceGeneratedMonoScriptInfo (1ms)
			ResolveRequiredComponents (1ms)
	FinalizeReload (230ms)
		ReleaseScriptCaches (0ms)
		RebuildScriptCaches (0ms)
		SetupLoadedEditorAssemblies (173ms)
			LogAssemblyErrors (0ms)
			InitializePlatformSupportModulesInManaged (9ms)
			SetLoadedEditorAssemblies (5ms)
			RefreshPlugins (0ms)
			BeforeProcessingInitializeOnLoad (2ms)
			ProcessInitializeOnLoadAttributes (112ms)
			ProcessInitializeOnLoadMethodAttributes (45ms)
			AfterProcessingInitializeOnLoad (0ms)
			EditorAssembliesLoaded (0ms)
		ExecutionOrderSort2 (0ms)
		AwakeInstancesAfterBackupRestoration (0ms)
========================================================================
Worker process is ready to serve import requests
Begin MonoManager ReloadAssembly
- Loaded All Assemblies, in  0.612 seconds
Refreshing native plugins compatible for Editor in 4.53 ms, found 4 plugins.
Native extension for WindowsStandalone target not found
Native extension for WebGL target not found
Mono: successfully reloaded assembly
- Finished resetting the current domain, in  0.549 seconds
Domain Reload Profiling: 1158ms
	BeginReloadAssembly (128ms)
		ExecutionOrderSort (0ms)
		DisableScriptedObjects (4ms)
		BackupInstance (0ms)
		ReleaseScriptingObjects (0ms)
		CreateAndSetChildDomain (19ms)
	RebuildCommonClasses (28ms)
	RebuildNativeTypeToScriptingClass (8ms)
	initialDomainReloadingComplete (36ms)
	LoadAllAssembliesAndSetupDomain (408ms)
		LoadAssemblies (292ms)
		RebuildTransferFunctionScriptingTraits (0ms)
		AnalyzeDomain (191ms)
			TypeCache.Refresh (159ms)
				TypeCache.ScanAssembly (141ms)
			ScanForSourceGeneratedMonoScriptInfo (23ms)
			ResolveRequiredComponents (7ms)
	FinalizeReload (549ms)
		ReleaseScriptCaches (0ms)
		RebuildScriptCaches (0ms)
		SetupLoadedEditorAssemblies (412ms)
			LogAssemblyErrors (0ms)
			InitializePlatformSupportModulesInManaged (6ms)
			SetLoadedEditorAssemblies (3ms)
			RefreshPlugins (0ms)
			BeforeProcessingInitializeOnLoad (65ms)
			ProcessInitializeOnLoadAttributes (264ms)
			ProcessInitializeOnLoadMethodAttributes (69ms)
			AfterProcessingInitializeOnLoad (6ms)
			EditorAssembliesLoaded (0ms)
		ExecutionOrderSort2 (0ms)
		AwakeInstancesAfterBackupRestoration (6ms)
Launched and connected shader compiler UnityShaderCompiler.exe after 0.03 seconds
Refreshing native plugins compatible for Editor in 4.23 ms, found 4 plugins.
Preloading 0 native plugins for Editor in 0.00 ms.
Unloading 5705 Unused Serialized files (Serialized files now loaded: 0)
Unloading 98 unused Assets / (0.9 MB). Loaded Objects now: 6149.
Memory consumption went from 220.4 MB to 219.5 MB.
Total: 4.286600 ms (FindLiveObjects: 0.489100 ms CreateObjectMapping: 0.204000 ms MarkObjects: 3.069300 ms  DeleteObjects: 0.523200 ms)

AssetImportParameters requested are different than current active one (requested -> active):
  custom:container-demuxer-ogg: 62fdf1f143b41e24485cea50d1cbac27 -> 
  custom:video-codec-MediaFoundation-h265: 746d11721c4dcdbdad8f713fa42b33f4 -> 
  custom:video-decoder-ogg-theora: a1e56fd34408186e4bbccfd4996cb3dc -> 
  custom:framework-win-MediaFoundation: 216162199b28c13a410421893ffa2e32 -> 
  custom:CustomObjectIndexerAttribute: a3ef5dd2817f97addfee359851a9dba5 -> 
  custom:container-demuxer-webm: 4f35f7cbe854078d1ac9338744f61a02 -> 
  custom:container-muxer-webm: aa71ff27fc2769a1b78a27578f13a17b -> 
  custom:video-decoder-webm-vp8: 9c59270c3fd7afecdb556c50c9e8de78 -> 
  custom:SearchIndexIgnoredProperties: e643bd26f0fe6173181afceb89e7c659 -> 
  custom:AudioImporter_EditorPlatform: d09bf68614088b80899f8185d706f6e7 -> 
  custom:video-encoder-webm-vp8: eb34c28f22e8b96e1ab97ce403110664 -> 
  custom:audio-decoder-ogg-vorbis: bf7c407c2cedff20999df2af8eb42d56 -> 
  custom:audio-encoder-webm-vorbis: bf7c407c2cedff20999df2af8eb42d56 -> 
========================================================================
Received Import Request.
  Time since last request: 187672.352812 seconds.
  path: Assets/Pixel Adventure 2/Assets/Enemies/Chicken/Idle (32x34).png
  artifactKey: Guid(f729d6acae7cd754a864abda75a4bbd7) Importer(815301076,1909f56bfc062723c751e8b465ee728b)
Start importing Assets/Pixel Adventure 2/Assets/Enemies/Chicken/Idle (32x34).png using Guid(f729d6acae7cd754a864abda75a4bbd7) Importer(815301076,1909f56bfc062723c751e8b465ee728b)  -> (artifact id: 'be6c188978903559766d22f7e4705e80') in 0.156358 seconds
Number of updated asset objects reloaded before import = 0
Number of asset objects unloaded after import = 15
========================================================================
Received Import Request.
  Time since last request: 4.683429 seconds.
  path: Assets/Pixel Adventure 2/Assets/Enemies/Duck/Hit (36x36).png
  artifactKey: Guid(b6fb0d541d6e4e54face92c6a2e56a0d) Importer(815301076,1909f56bfc062723c751e8b465ee728b)
Start importing Assets/Pixel Adventure 2/Assets/Enemies/Duck/Hit (36x36).png using Guid(b6fb0d541d6e4e54face92c6a2e56a0d) Importer(815301076,1909f56bfc062723c751e8b465ee728b)  -> (artifact id: 'e0de8a0b7a0a0cde803e24415bb11c23') in 0.039912 seconds
Number of updated asset objects reloaded before import = 0
Number of asset objects unloaded after import = 7
========================================================================
Received Import Request.
  Time since last request: 0.000034 seconds.
  path: Assets/Pixel Adventure 2/Assets/Enemies/Duck/Idle (36x36).png
  artifactKey: Guid(35e086690f09c9f46aa162a5be5a4133) Importer(815301076,1909f56bfc062723c751e8b465ee728b)
Start importing Assets/Pixel Adventure 2/Assets/Enemies/Duck/Idle (36x36).png using Guid(35e086690f09c9f46aa162a5be5a4133) Importer(815301076,1909f56bfc062723c751e8b465ee728b)  -> (artifact id: '48f9fd75671ab679d541629a0bc4ddf9') in 0.056800 seconds
Number of updated asset objects reloaded before import = 0
Number of asset objects unloaded after import = 12
========================================================================
Received Import Request.
  Time since last request: 1.501368 seconds.
  path: Assets/Pixel Adventure 2/Assets/Enemies/Chameleon/Hit (84x38).png
  artifactKey: Guid(879f42eb54eb4f8489bc40c802959898) Importer(815301076,1909f56bfc062723c751e8b465ee728b)
Start importing Assets/Pixel Adventure 2/Assets/Enemies/Chameleon/Hit (84x38).png using Guid(879f42eb54eb4f8489bc40c802959898) Importer(815301076,1909f56bfc062723c751e8b465ee728b)  -> (artifact id: 'eccfb3249b899fe470d3ee535b94f5ba') in 0.036568 seconds
Number of updated asset objects reloaded before import = 0
Number of asset objects unloaded after import = 7
========================================================================
Received Import Request.
  Time since last request: 0.000031 seconds.
  path: Assets/Pixel Adventure 2/Assets/Enemies/Chameleon/Idle (84x38).png
  artifactKey: Guid(43f6bb244a62313438cda197a8e07007) Importer(815301076,1909f56bfc062723c751e8b465ee728b)
Start importing Assets/Pixel Adventure 2/Assets/Enemies/Chameleon/Idle (84x38).png using Guid(43f6bb244a62313438cda197a8e07007) Importer(815301076,1909f56bfc062723c751e8b465ee728b)  -> (artifact id: 'c8961881248df7469828e26313d06f8d') in 0.062746 seconds
Number of updated asset objects reloaded before import = 0
Number of asset objects unloaded after import = 15
========================================================================
Received Import Request.
  Time since last request: 0.912992 seconds.
  path: Assets/Pixel Adventure 2/Assets/Enemies/Bunny/Hit (34x44).png
  artifactKey: Guid(48fabbf5f431fee489fc720634fea0b6) Importer(815301076,1909f56bfc062723c751e8b465ee728b)
Start importing Assets/Pixel Adventure 2/Assets/Enemies/Bunny/Hit (34x44).png using Guid(48fabbf5f431fee489fc720634fea0b6) Importer(815301076,1909f56bfc062723c751e8b465ee728b)  -> (artifact id: '9f333fc39cb052a9fa58f3af6437ca4a') in 0.033618 seconds
Number of updated asset objects reloaded before import = 0
Number of asset objects unloaded after import = 7
========================================================================
Received Import Request.
  Time since last request: 0.000064 seconds.
  path: Assets/Pixel Adventure 2/Assets/Enemies/Bunny/Run (34x44).png
  artifactKey: Guid(aec37b825939c4640ba5db40252ff5e7) Importer(815301076,1909f56bfc062723c751e8b465ee728b)
Start importing Assets/Pixel Adventure 2/Assets/Enemies/Bunny/Run (34x44).png using Guid(aec37b825939c4640ba5db40252ff5e7) Importer(815301076,1909f56bfc062723c751e8b465ee728b)  -> (artifact id: 'e8f266f9b9018df1af912a28694ccb44') in 0.039370 seconds
Number of updated asset objects reloaded before import = 0
Number of asset objects unloaded after import = 14
========================================================================
Received Import Request.
  Time since last request: 1.568721 seconds.
  path: Assets/Pixel Adventure 2/Assets/Enemies/BlueBird/Hit (32x32).png
  artifactKey: Guid(a84745caca919394ea0a3541417402d8) Importer(815301076,1909f56bfc062723c751e8b465ee728b)
Start importing Assets/Pixel Adventure 2/Assets/Enemies/BlueBird/Hit (32x32).png using Guid(a84745caca919394ea0a3541417402d8) Importer(815301076,1909f56bfc062723c751e8b465ee728b)  -> (artifact id: 'd200e640ee6c22802c070b31e91dde82') in 0.035746 seconds
Number of updated asset objects reloaded before import = 0
Number of asset objects unloaded after import = 7
========================================================================
Received Import Request.
  Time since last request: 1.127196 seconds.
  path: Assets/Pixel Adventure 2/Assets/Enemies/Bee/Bullet.png
  artifactKey: Guid(669ef922a468d184489d2a28b0f84bb0) Importer(815301076,1909f56bfc062723c751e8b465ee728b)
Start importing Assets/Pixel Adventure 2/Assets/Enemies/Bee/Bullet.png using Guid(669ef922a468d184489d2a28b0f84bb0) Importer(815301076,1909f56bfc062723c751e8b465ee728b)  -> (artifact id: '77184dfdbf4ee840f8ca33ab88f970e7') in 0.041420 seconds
Number of updated asset objects reloaded before import = 0
Number of asset objects unloaded after import = 3
========================================================================
Received Import Request.
  Time since last request: 0.000066 seconds.
  path: Assets/Pixel Adventure 2/Assets/Enemies/Bee/Hit (36x34).png
  artifactKey: Guid(2ee221a4e4a19ac479fcbde053eb8d60) Importer(815301076,1909f56bfc062723c751e8b465ee728b)
Start importing Assets/Pixel Adventure 2/Assets/Enemies/Bee/Hit (36x34).png using Guid(2ee221a4e4a19ac479fcbde053eb8d60) Importer(815301076,1909f56bfc062723c751e8b465ee728b)  -> (artifact id: 'f76b64c918d54eafb0d5182017c30cf8') in 0.042510 seconds
Number of updated asset objects reloaded before import = 0
Number of asset objects unloaded after import = 7
========================================================================
Received Import Request.
  Time since last request: 1.784972 seconds.
  path: Assets/Pixel Adventure 2/Assets/Enemies/Bat/Ceiling Out (46x30).png
  artifactKey: Guid(18ded7077989ed04d8cbeaad2545a2b1) Importer(815301076,1909f56bfc062723c751e8b465ee728b)
Start importing Assets/Pixel Adventure 2/Assets/Enemies/Bat/Ceiling Out (46x30).png using Guid(18ded7077989ed04d8cbeaad2545a2b1) Importer(815301076,1909f56bfc062723c751e8b465ee728b)  -> (artifact id: '0cf9504c1a0c2c57fbe7957ede23f8ee') in 0.039335 seconds
Number of updated asset objects reloaded before import = 0
Number of asset objects unloaded after import = 9
========================================================================
Received Import Request.
  Time since last request: 0.000021 seconds.
  path: Assets/Pixel Adventure 2/Assets/Enemies/Bat/Flying (46x30).png
  artifactKey: Guid(d2de0d5d65de6fe4c819bae5f4e4c117) Importer(815301076,1909f56bfc062723c751e8b465ee728b)
Start importing Assets/Pixel Adventure 2/Assets/Enemies/Bat/Flying (46x30).png using Guid(d2de0d5d65de6fe4c819bae5f4e4c117) Importer(815301076,1909f56bfc062723c751e8b465ee728b)  -> (artifact id: 'b55ab51a1ae958bc8d78b599a5db1f89') in 0.054336 seconds
Number of updated asset objects reloaded before import = 0
Number of asset objects unloaded after import = 9
========================================================================
Received Import Request.
  Time since last request: 5.062016 seconds.
  path: Assets/Pixel Adventure 2/Assets/Enemies/Turtle/Idle 1 (44x26).png
  artifactKey: Guid(81599edd816625a4394b87c55bc6d552) Importer(815301076,1909f56bfc062723c751e8b465ee728b)
Start importing Assets/Pixel Adventure 2/Assets/Enemies/Turtle/Idle 1 (44x26).png using Guid(81599edd816625a4394b87c55bc6d552) Importer(815301076,1909f56bfc062723c751e8b465ee728b)  -> (artifact id: 'c85002361efbe9703477393929582eb5') in 0.053637 seconds
Number of updated asset objects reloaded before import = 0
Number of asset objects unloaded after import = 16
========================================================================
Received Import Request.
  Time since last request: 0.000124 seconds.
  path: Assets/Pixel Adventure 2/Assets/Enemies/Turtle/Spikes out (44x26).png
  artifactKey: Guid(5b94c5df9bdd3c9488690c89f80edde5) Importer(815301076,1909f56bfc062723c751e8b465ee728b)
Start importing Assets/Pixel Adventure 2/Assets/Enemies/Turtle/Spikes out (44x26).png using Guid(5b94c5df9bdd3c9488690c89f80edde5) Importer(815301076,1909f56bfc062723c751e8b465ee728b)  -> (artifact id: 'a4afac66bd87f5baffe840fcda89a888') in 0.043005 seconds
Number of updated asset objects reloaded before import = 0
Number of asset objects unloaded after import = 10
========================================================================
Received Import Request.
  Time since last request: 8.537405 seconds.
  path: Assets/Pixel Adventure 2/Assets/Enemies/Rocks/Rock1_Idle (38x34).png
  artifactKey: Guid(419f1f3d5fcf8204389dd119348a56e1) Importer(815301076,1909f56bfc062723c751e8b465ee728b)
Start importing Assets/Pixel Adventure 2/Assets/Enemies/Rocks/Rock1_Idle (38x34).png using Guid(419f1f3d5fcf8204389dd119348a56e1) Importer(815301076,1909f56bfc062723c751e8b465ee728b)  -> (artifact id: '7e18240d0a3cbd2728fffa451c3b60bd') in 0.077152 seconds
Number of updated asset objects reloaded before import = 0
Number of asset objects unloaded after import = 16
========================================================================
Received Import Request.
  Time since last request: 0.000025 seconds.
  path: Assets/Pixel Adventure 2/Assets/Enemies/Rocks/Rock2_Hit (32x28).png
  artifactKey: Guid(92efab9bd840360409c373740e5e3482) Importer(815301076,1909f56bfc062723c751e8b465ee728b)
Start importing Assets/Pixel Adventure 2/Assets/Enemies/Rocks/Rock2_Hit (32x28).png using Guid(92efab9bd840360409c373740e5e3482) Importer(815301076,1909f56bfc062723c751e8b465ee728b)  -> (artifact id: 'a378ff69b92e30b5f26f4d9c71666464') in 0.029893 seconds
Number of updated asset objects reloaded before import = 0
Number of asset objects unloaded after import = 3
========================================================================
Received Import Request.
  Time since last request: 0.000065 seconds.
  path: Assets/Pixel Adventure 2/Assets/Enemies/Rocks/Rock3_Run (22x18).png
  artifactKey: Guid(6fb78d296f546aa4680350fd6e8e3315) Importer(815301076,1909f56bfc062723c751e8b465ee728b)
Start importing Assets/Pixel Adventure 2/Assets/Enemies/Rocks/Rock3_Run (22x18).png using Guid(6fb78d296f546aa4680350fd6e8e3315) Importer(815301076,1909f56bfc062723c751e8b465ee728b)  -> (artifact id: '77e6f26562ba2c61510552fb8864090e') in 0.055960 seconds
Number of updated asset objects reloaded before import = 0
Number of asset objects unloaded after import = 16
========================================================================
Received Import Request.
  Time since last request: 0.000029 seconds.
  path: Assets/Pixel Adventure 2/Assets/Enemies/Rocks/Rock3_Idle (22x18).png
  artifactKey: Guid(061e846bd4a5ba449bf75b630b1a7dcb) Importer(815301076,1909f56bfc062723c751e8b465ee728b)
Start importing Assets/Pixel Adventure 2/Assets/Enemies/Rocks/Rock3_Idle (22x18).png using Guid(061e846bd4a5ba449bf75b630b1a7dcb) Importer(815301076,1909f56bfc062723c751e8b465ee728b)  -> (artifact id: '60257413b307d7f4db2877e51ecec555') in 0.049197 seconds
Number of updated asset objects reloaded before import = 0
Number of asset objects unloaded after import = 13
========================================================================
Received Import Request.
  Time since last request: 4.199045 seconds.
  path: Assets/Pixel Adventure 2/Assets/Enemies/Plant/Bullet.png
  artifactKey: Guid(d700391178f61c3488cd257e7e7a81bf) Importer(815301076,1909f56bfc062723c751e8b465ee728b)
Start importing Assets/Pixel Adventure 2/Assets/Enemies/Plant/Bullet.png using Guid(d700391178f61c3488cd257e7e7a81bf) Importer(815301076,1909f56bfc062723c751e8b465ee728b)  -> (artifact id: '908e0965d4d1bc47ce2c236a2afed49e') in 0.025449 seconds
Number of updated asset objects reloaded before import = 0
Number of asset objects unloaded after import = 3
========================================================================
Received Import Request.
  Time since last request: 0.000021 seconds.
  path: Assets/Pixel Adventure 2/Assets/Enemies/Plant/Bullet Pieces (16x16).png
  artifactKey: Guid(44bf90fb9fb70524c87497a99496921c) Importer(815301076,1909f56bfc062723c751e8b465ee728b)
Start importing Assets/Pixel Adventure 2/Assets/Enemies/Plant/Bullet Pieces (16x16).png using Guid(44bf90fb9fb70524c87497a99496921c) Importer(815301076,1909f56bfc062723c751e8b465ee728b)  -> (artifact id: 'e012c38152ddd64a66195fdac2136cb7') in 0.030698 seconds
Number of updated asset objects reloaded before import = 0
Number of asset objects unloaded after import = 4
========================================================================
Received Import Request.
  Time since last request: 0.000036 seconds.
  path: Assets/Pixel Adventure 2/Assets/Enemies/Plant/Idle (44x42).png
  artifactKey: Guid(326dd6eeaa0ca144ca01194dbacf63fa) Importer(815301076,1909f56bfc062723c751e8b465ee728b)
Start importing Assets/Pixel Adventure 2/Assets/Enemies/Plant/Idle (44x42).png using Guid(326dd6eeaa0ca144ca01194dbacf63fa) Importer(815301076,1909f56bfc062723c751e8b465ee728b)  -> (artifact id: '5d542373e1aa8710c4f60e2d10c7f359') in 0.041583 seconds
Number of updated asset objects reloaded before import = 0
Number of asset objects unloaded after import = 13
========================================================================
Received Import Request.
  Time since last request: 71.719573 seconds.
  path: Assets/glossy bubbles/material/2.mat
  artifactKey: Guid(73a9a3a4b381c5f4080e1002c4387119) Importer(815301076,1909f56bfc062723c751e8b465ee728b)
Start importing Assets/glossy bubbles/material/2.mat using Guid(73a9a3a4b381c5f4080e1002c4387119) Importer(815301076,1909f56bfc062723c751e8b465ee728b)  -> (artifact id: '200b59053093bc5b712498fce5768668') in 0.230959 seconds
Number of updated asset objects reloaded before import = 0
Number of asset objects unloaded after import = 4
========================================================================
Received Import Request.
  Time since last request: 0.000021 seconds.
  path: Assets/glossy bubbles/material/7.mat
  artifactKey: Guid(706c6e15c80877f439a775f2b61e0b1e) Importer(815301076,1909f56bfc062723c751e8b465ee728b)
Start importing Assets/glossy bubbles/material/7.mat using Guid(706c6e15c80877f439a775f2b61e0b1e) Importer(815301076,1909f56bfc062723c751e8b465ee728b)  -> (artifact id: 'c9c19b05c91a082d6ee2aa64b9bc7c88') in 0.017646 seconds
Number of updated asset objects reloaded before import = 0
Number of asset objects unloaded after import = 3
========================================================================
Received Import Request.
  Time since last request: 0.000036 seconds.
  path: Assets/glossy bubbles/material/8.mat
  artifactKey: Guid(b3cc30769aad02e4e8f4a4e00fad3c44) Importer(815301076,1909f56bfc062723c751e8b465ee728b)
Start importing Assets/glossy bubbles/material/8.mat using Guid(b3cc30769aad02e4e8f4a4e00fad3c44) Importer(815301076,1909f56bfc062723c751e8b465ee728b)  -> (artifact id: 'da1c6e35c416de9ae07d5bda484613b1') in 0.017875 seconds
Number of updated asset objects reloaded before import = 0
Number of asset objects unloaded after import = 3
========================================================================
Received Import Request.
  Time since last request: 0.000042 seconds.
  path: Assets/glossy bubbles/material/12.mat
  artifactKey: Guid(3c173f6686f45ff418bf32c6e13291a5) Importer(815301076,1909f56bfc062723c751e8b465ee728b)
Start importing Assets/glossy bubbles/material/12.mat using Guid(3c173f6686f45ff418bf32c6e13291a5) Importer(815301076,1909f56bfc062723c751e8b465ee728b)  -> (artifact id: 'f3f05f051e300bcd922906a04138d7b4') in 0.027403 seconds
Number of updated asset objects reloaded before import = 0
Number of asset objects unloaded after import = 3
========================================================================
Received Import Request.
  Time since last request: 0.000026 seconds.
  path: Assets/glossy bubbles/material/13.mat
  artifactKey: Guid(ea8c548f152f3484fad900981caf3177) Importer(815301076,1909f56bfc062723c751e8b465ee728b)
Start importing Assets/glossy bubbles/material/13.mat using Guid(ea8c548f152f3484fad900981caf3177) Importer(815301076,1909f56bfc062723c751e8b465ee728b)  -> (artifact id: 'c105fbc7c43e1b371af63a48bded0b77') in 0.017621 seconds
Number of updated asset objects reloaded before import = 0
Number of asset objects unloaded after import = 3
========================================================================
Received Import Request.
  Time since last request: 0.000073 seconds.
  path: Assets/glossy bubbles/material/9.mat
  artifactKey: Guid(6a1189d58edd9d749a838506052416a3) Importer(815301076,1909f56bfc062723c751e8b465ee728b)
Start importing Assets/glossy bubbles/material/9.mat using Guid(6a1189d58edd9d749a838506052416a3) Importer(815301076,1909f56bfc062723c751e8b465ee728b)  -> (artifact id: 'b73ea5eabd3383ad063befd47c9c31c8') in 0.018767 seconds
Number of updated asset objects reloaded before import = 0
Number of asset objects unloaded after import = 3
========================================================================
Received Import Request.
  Time since last request: 0.000070 seconds.
  path: Assets/glossy bubbles/material/14.mat
  artifactKey: Guid(feaab857e0d397b429e080ec2c47fa54) Importer(815301076,1909f56bfc062723c751e8b465ee728b)
Start importing Assets/glossy bubbles/material/14.mat using Guid(feaab857e0d397b429e080ec2c47fa54) Importer(815301076,1909f56bfc062723c751e8b465ee728b)  -> (artifact id: 'bd9bc485d5e698147cb149e6b17f84e1') in 0.023884 seconds
Number of updated asset objects reloaded before import = 0
Number of asset objects unloaded after import = 3
========================================================================
Received Import Request.
  Time since last request: 0.000033 seconds.
  path: Assets/glossy bubbles/material/3.mat
  artifactKey: Guid(7024f7e6ffaeca04099214b78bcb0980) Importer(815301076,1909f56bfc062723c751e8b465ee728b)
Start importing Assets/glossy bubbles/material/3.mat using Guid(7024f7e6ffaeca04099214b78bcb0980) Importer(815301076,1909f56bfc062723c751e8b465ee728b)  -> (artifact id: '68e204e12c6137b3d7acfde6156f107e') in 0.019493 seconds
Number of updated asset objects reloaded before import = 0
Number of asset objects unloaded after import = 3
========================================================================
Received Import Request.
  Time since last request: 3.453018 seconds.
  path: Assets/glossy bubbles/img/2.png
  artifactKey: Guid(3995627625e4d9d4386409a2bf99e8cc) Importer(815301076,1909f56bfc062723c751e8b465ee728b)
Start importing Assets/glossy bubbles/img/2.png using Guid(3995627625e4d9d4386409a2bf99e8cc) Importer(815301076,1909f56bfc062723c751e8b465ee728b)  -> (artifact id: 'c9b949dfdc197c61b4e332be3588f8b0') in 0.032082 seconds
Number of updated asset objects reloaded before import = 0
Number of asset objects unloaded after import = 3
========================================================================
Received Import Request.
  Time since last request: 0.000059 seconds.
  path: Assets/glossy bubbles/img/7.png
  artifactKey: Guid(b60bdd9bec74acf4f8af4ed562d149ac) Importer(815301076,1909f56bfc062723c751e8b465ee728b)
Start importing Assets/glossy bubbles/img/7.png using Guid(b60bdd9bec74acf4f8af4ed562d149ac) Importer(815301076,1909f56bfc062723c751e8b465ee728b)  -> (artifact id: 'b2432a2496011711e2d78683e44498c2') in 0.032437 seconds
Number of updated asset objects reloaded before import = 0
Number of asset objects unloaded after import = 3
========================================================================
Received Import Request.
  Time since last request: 0.000104 seconds.
  path: Assets/glossy bubbles/img/4.png
  artifactKey: Guid(39cdb9ff05036254493f8b78679c69a0) Importer(815301076,1909f56bfc062723c751e8b465ee728b)
Start importing Assets/glossy bubbles/img/4.png using Guid(39cdb9ff05036254493f8b78679c69a0) Importer(815301076,1909f56bfc062723c751e8b465ee728b)  -> (artifact id: 'de5cdf50cb2a8af0e310e76ebc33c28f') in 0.032309 seconds
Number of updated asset objects reloaded before import = 0
Number of asset objects unloaded after import = 3
========================================================================
Received Import Request.
  Time since last request: 0.000032 seconds.
  path: Assets/glossy bubbles/img/9.png
  artifactKey: Guid(d9f0c523cc024974fb5620d309b3bb54) Importer(815301076,1909f56bfc062723c751e8b465ee728b)
Start importing Assets/glossy bubbles/img/9.png using Guid(d9f0c523cc024974fb5620d309b3bb54) Importer(815301076,1909f56bfc062723c751e8b465ee728b)  -> (artifact id: '1e16d6fbd6f9fccce0edbeb793379a0d') in 0.037055 seconds
Number of updated asset objects reloaded before import = 0
Number of asset objects unloaded after import = 3
========================================================================
Received Import Request.
  Time since last request: 0.000030 seconds.
  path: Assets/glossy bubbles/img/10.png
  artifactKey: Guid(3320bc4a868201f4aa3895c523fcdebf) Importer(815301076,1909f56bfc062723c751e8b465ee728b)
Start importing Assets/glossy bubbles/img/10.png using Guid(3320bc4a868201f4aa3895c523fcdebf) Importer(815301076,1909f56bfc062723c751e8b465ee728b)  -> (artifact id: 'a911d7bfaa47abafde117f7fb8ca4929') in 0.027199 seconds
Number of updated asset objects reloaded before import = 0
Number of asset objects unloaded after import = 3
========================================================================
Received Import Request.
  Time since last request: 0.000042 seconds.
  path: Assets/glossy bubbles/img/16.png
  artifactKey: Guid(62fff89cb0b622242bf13b19340889eb) Importer(815301076,1909f56bfc062723c751e8b465ee728b)
Start importing Assets/glossy bubbles/img/16.png using Guid(62fff89cb0b622242bf13b19340889eb) Importer(815301076,1909f56bfc062723c751e8b465ee728b)  -> (artifact id: '6ab98570827580e24a02a05e886ffeeb') in 0.034788 seconds
Number of updated asset objects reloaded before import = 0
Number of asset objects unloaded after import = 3
========================================================================
Received Import Request.
  Time since last request: 0.000067 seconds.
  path: Assets/glossy bubbles/img/3.png
  artifactKey: Guid(c4797b928419e844aaef5d3f039aa7f3) Importer(815301076,1909f56bfc062723c751e8b465ee728b)
Start importing Assets/glossy bubbles/img/3.png using Guid(c4797b928419e844aaef5d3f039aa7f3) Importer(815301076,1909f56bfc062723c751e8b465ee728b)  -> (artifact id: '9385130fae0bb69f421560f5d37f3fa2') in 0.034565 seconds
Number of updated asset objects reloaded before import = 0
Number of asset objects unloaded after import = 3
Editor requested this worker to shutdown with reason: Scaling down because of idle timeout
TcpMessagingSession - receive error: operation aborted. errorcode: 995, details: The I/O operation has been aborted because of either a thread exit or an application request.
AssetImportWorker is now disconnected from the server
Process exiting
Exiting without the bug reporter. Application will terminate with return code 0